{"uid":"c10a235ec53002cf","name":"validating the search feature -- @1.2 ","fullName":"Search feature: validating the search feature","historyId":"4164f02c9a22d79a0d5cb5b799d95e70","time":{"start":1722499728807,"stop":1722499743406,"duration":14599},"status":"failed","statusMessage":"AssertionError\n","statusTrace":"  File \"C:\\Users\\Monther\\PycharmProjects\\BehaveBBD1\\venv\\Lib\\site-packages\\behave\\model.py\", line 1329, in run\n    match.run(runner.context)\n  File \"C:\\Users\\Monther\\PycharmProjects\\BehaveBBD1\\venv\\Lib\\site-packages\\behave\\matchers.py\", line 98, in run\n    self.func(context, *args, **kwargs)\n  File \"features\\steps\\search_steps.py\", line 19, in step_impl\n    assert \"Googles\" in title\n           ^^^^^^^^^^^^^^^^^^\n","flaky":false,"newFailed":false,"newBroken":false,"newPassed":false,"retriesCount":1,"retriesStatusChange":false,"beforeStages":[],"testStage":{"status":"failed","statusMessage":"AssertionError\n","statusTrace":"  File \"C:\\Users\\Monther\\PycharmProjects\\BehaveBBD1\\venv\\Lib\\site-packages\\behave\\model.py\", line 1329, in run\n    match.run(runner.context)\n  File \"C:\\Users\\Monther\\PycharmProjects\\BehaveBBD1\\venv\\Lib\\site-packages\\behave\\matchers.py\", line 98, in run\n    self.func(context, *args, **kwargs)\n  File \"features\\steps\\search_steps.py\", line 19, in step_impl\n    assert \"Googles\" in title\n           ^^^^^^^^^^^^^^^^^^\n","steps":[{"name":"Given I navigate to google.com","time":{"start":1722499734726,"stop":1722499736399,"duration":1673},"status":"passed","steps":[],"attachments":[],"parameters":[],"shouldDisplayMessage":false,"attachmentsCount":0,"stepsCount":0,"hasContent":false,"attachmentStep":false},{"name":"When I validate the page title","time":{"start":1722499736399,"stop":1722499736452,"duration":53},"status":"failed","statusMessage":"AssertionError\n","statusTrace":"  File \"C:\\Users\\Monther\\PycharmProjects\\BehaveBBD1\\venv\\Lib\\site-packages\\behave\\model.py\", line 1329, in run\n    match.run(runner.context)\n  File \"C:\\Users\\Monther\\PycharmProjects\\BehaveBBD1\\venv\\Lib\\site-packages\\behave\\matchers.py\", line 98, in run\n    self.func(context, *args, **kwargs)\n  File \"features\\steps\\search_steps.py\", line 19, in step_impl\n    assert \"Googles\" in title\n           ^^^^^^^^^^^^^^^^^^\n","steps":[],"attachments":[{"uid":"6932b21dbe1354b","name":"screenshot.png","source":"6932b21dbe1354b.png","type":"image/png","size":190239}],"parameters":[],"shouldDisplayMessage":true,"attachmentsCount":1,"stepsCount":0,"hasContent":true,"attachmentStep":false},{"name":"Then I Enter the text as \"hello TDD\"","time":{"start":1722499743406,"stop":1722499743406,"duration":0},"status":"skipped","steps":[],"attachments":[],"parameters":[],"shouldDisplayMessage":false,"attachmentsCount":0,"stepsCount":0,"hasContent":false,"attachmentStep":false},{"name":"And I Click The search button","time":{"start":1722499743406,"stop":1722499743406,"duration":0},"status":"skipped","steps":[],"attachments":[],"parameters":[],"shouldDisplayMessage":false,"attachmentsCount":0,"stepsCount":0,"hasContent":false,"attachmentStep":false}],"attachments":[],"parameters":[],"shouldDisplayMessage":false,"attachmentsCount":1,"stepsCount":4,"hasContent":true,"attachmentStep":false},"afterStages":[],"labels":[{"name":"severity","value":"normal"},{"name":"tag","value":"smoke"},{"name":"feature","value":"Search feature"},{"name":"framework","value":"behave"},{"name":"language","value":"cpython3"},{"name":"resultFormat","value":"allure2"}],"parameters":[{"name":"searchTitle","value":"hello TDD"}],"links":[],"hidden":false,"retry":false,"extra":{"severity":"normal","retries":[{"uid":"62a498456e82fc1d","status":"failed","statusDetails":"AssertionError\n","time":{"start":1722499670760,"stop":1722499685422,"duration":14662}}],"categories":[{"name":"Product defects","matchedStatuses":[],"flaky":false}],"tags":["smoke"]},"source":"c10a235ec53002cf.json","parameterValues":["hello TDD"]}